============================= test session starts =============================
platform win32 -- Python 3.8.3, pytest-8.3.5, pluggy-1.5.0 -- c:\python38\python.exe
cachedir: .pytest_cache
rootdir: C:\Users\zaesa\OneDrive\Escritorio\Side projects\Artificial_counsciousness\the_consciousness_ai
plugins: anyio-4.5.2, colcon-core-0.19.0, nengo-4.1.0, cov-5.0.0, repeat-0.9.3, rerunfailures-14.0
collecting ... collected 8 items

tests/test_Emotional_reinforcement_integration.py::TestEmotionalReinforcementIntegration::test_emotional_memory_integration FAILED [ 12%]
tests/test_Emotional_reinforcement_integration.py::TestEmotionalReinforcementIntegration::test_end_to_end_learning FAILED [ 25%]
tests/test_Emotional_reinforcement_integration.py::TestEmotionalReinforcementIntegration::test_reward_shaping PASSED [ 37%]
tests/test_emotional_reinforcement_success.py::TestEmotionalReinforcementSuccess::test_emotional_memory_formation FAILED [ 50%]
tests/test_emotional_reinforcement_success.py::TestEmotionalReinforcementSuccess::test_learning_progression FAILED [ 62%]
tests/test_emotional_reinforcement_success.py::TestEmotionalReinforcementSuccess::test_meta_adaptation FAILED [ 75%]
tests/test_emotional_reinforcement_success.py::TestEmotionalReinforcementSuccess::test_narrative_integration PASSED [ 87%]
tests/test_emotional_reinforcement_success.py::TestEmotionalReinforcementSuccess::test_reward_shaping PASSED [100%]

================================== FAILURES ===================================
___ TestEmotionalReinforcementIntegration.test_emotional_memory_integration ___

self = <test_Emotional_reinforcement_integration.TestEmotionalReinforcementIntegration testMethod=test_emotional_memory_integration>

    def test_emotional_memory_integration(self):
        """Test that emotional experiences are stored via the RL step."""
        state = torch.randn(self.config["workspace_dim"])
        for i in range(5):
            action, _ = self.action_core.select_action(state, emotion_arousal=0.5)
            next_state = torch.randn(self.config["workspace_dim"])
            emotion_state = {
                "valence": 0.7 + 0.05 * i,
                "arousal": 0.5 + 0.05 * i,
                "dominance": 0.3,
            }
    
>           self.action_core.step(
                workspace_broadcast=state,
                action=action,
                raw_reward=0.5 + 0.1 * i,
                next_broadcast=next_state,
                done=False,
                emotion_state=emotion_state,
                attention_level=0.8,
            )

tests\test_Emotional_reinforcement_integration.py:90: 
_ _ _ _ _ _ _ _ _ _ _ _ _ _ _ _ _ _ _ _ _ _ _ _ _ _ _ _ _ _ _ _ _ _ _ _ _ _ _ _
models\self_model\action_selection_core.py:229: in step
    self.memory.store_experience(
models\memory\memory_core.py:188: in store_experience
    memory_vector = self._create_memory_vector(state, action, emotional_embedding)
_ _ _ _ _ _ _ _ _ _ _ _ _ _ _ _ _ _ _ _ _ _ _ _ _ _ _ _ _ _ _ _ _ _ _ _ _ _ _ _

self = <models.memory.memory_core.MemoryCore object at 0x0000016829E52FA0>
state = tensor([[ 0.8339,  0.1050, -1.1354,  0.8012,  0.1761,  0.2249,  0.0204,  1.4745,
         -0.2954, -0.5176, -1.2232,  ...  0.7386,  0.9389, -0.5599, -1.1466,
         -1.1455, -1.7040, -0.2787,  2.1726, -0.5317,  0.3271, -1.0371,  0.0413]])
action = tensor([[ 0.1101,  0.2472, -0.0416, -0.1672]])
emotional_embedding = tensor([1.5000])

    def _create_memory_vector(
        self,
        state: torch.Tensor,
        action: torch.Tensor,
        emotional_embedding: torch.Tensor
    ) -> torch.Tensor:
        """
        Create a combined memory vector by concatenating state, action,
        and emotional embedding.
        """
        parts = [state]
        if action is not None:
            parts.append(action)
        else:
            parts.append(torch.zeros(8))
        parts.append(emotional_embedding)
>       return torch.cat(parts, dim=0)
E       RuntimeError: Sizes of tensors must match except in dimension 0. Expected size 32 but got size 4 for tensor number 1 in the list.

models\memory\memory_core.py:284: RuntimeError
_______ TestEmotionalReinforcementIntegration.test_end_to_end_learning ________

self = <test_Emotional_reinforcement_integration.TestEmotionalReinforcementIntegration testMethod=test_end_to_end_learning>

    def test_end_to_end_learning(self):
        """Test a complete learning cycle with emotional integration."""
        state = torch.randn(self.config["workspace_dim"])
    
        for step_i in range(12):
            action, value = self.action_core.select_action(state, emotion_arousal=0.5)
            next_state = torch.randn(self.config["workspace_dim"])
            raw_reward = float(torch.rand(1).item())
    
            emotion_state = {
                "valence": float(np.random.uniform(-1, 1)),
                "arousal": float(np.random.uniform(0, 1)),
                "dominance": float(np.random.uniform(-1, 1)),
            }
    
>           step_info = self.action_core.step(
                workspace_broadcast=state,
                action=action,
                raw_reward=raw_reward,
                next_broadcast=next_state,
                done=(step_i == 11),
                emotion_state=emotion_state,
                attention_level=0.7,
            )

tests\test_Emotional_reinforcement_integration.py:60: 
_ _ _ _ _ _ _ _ _ _ _ _ _ _ _ _ _ _ _ _ _ _ _ _ _ _ _ _ _ _ _ _ _ _ _ _ _ _ _ _
models\self_model\action_selection_core.py:229: in step
    self.memory.store_experience(
models\memory\memory_core.py:188: in store_experience
    memory_vector = self._create_memory_vector(state, action, emotional_embedding)
_ _ _ _ _ _ _ _ _ _ _ _ _ _ _ _ _ _ _ _ _ _ _ _ _ _ _ _ _ _ _ _ _ _ _ _ _ _ _ _

self = <models.memory.memory_core.MemoryCore object at 0x000001682CE661F0>
state = tensor([[-2.1822,  0.8215,  1.8765, -0.4372, -0.7193,  0.8139, -0.6458, -0.5667,
          0.1356, -0.3620,  0.7932,  ...  1.2770,  0.1454,  0.4262, -0.4857,
         -0.4950,  1.7375, -2.7522, -1.9707,  0.0415, -0.4559, -0.5162, -0.7185]])
action = tensor([[-0.3744,  0.0833, -0.1499,  0.0137]])
emotional_embedding = tensor([0.3050])

    def _create_memory_vector(
        self,
        state: torch.Tensor,
        action: torch.Tensor,
        emotional_embedding: torch.Tensor
    ) -> torch.Tensor:
        """
        Create a combined memory vector by concatenating state, action,
        and emotional embedding.
        """
        parts = [state]
        if action is not None:
            parts.append(action)
        else:
            parts.append(torch.zeros(8))
        parts.append(emotional_embedding)
>       return torch.cat(parts, dim=0)
E       RuntimeError: Sizes of tensors must match except in dimension 0. Expected size 32 but got size 4 for tensor number 1 in the list.

models\memory\memory_core.py:284: RuntimeError
______ TestEmotionalReinforcementSuccess.test_emotional_memory_formation ______

self = <test_emotional_reinforcement_success.TestEmotionalReinforcementSuccess testMethod=test_emotional_memory_formation>

    def test_emotional_memory_formation(self):
        """Test if emotional experiences are stored via RL step"""
        state = torch.randn(self.config['workspace_dim'])
        for i in range(5):
            action, _ = self.action_core.select_action(state, emotion_arousal=0.5)
            next_state = torch.randn(self.config['workspace_dim'])
>           self.action_core.step(
                workspace_broadcast=state, action=action, raw_reward=0.5 + 0.1 * i,
                next_broadcast=next_state, done=False,
                emotion_state={'valence': 0.8, 'arousal': 0.6, 'dominance': 0.7},
                attention_level=0.9,
                narrative="Test"
            )

tests\test_emotional_reinforcement_success.py:69: 
_ _ _ _ _ _ _ _ _ _ _ _ _ _ _ _ _ _ _ _ _ _ _ _ _ _ _ _ _ _ _ _ _ _ _ _ _ _ _ _
models\self_model\action_selection_core.py:229: in step
    self.memory.store_experience(
models\memory\memory_core.py:188: in store_experience
    memory_vector = self._create_memory_vector(state, action, emotional_embedding)
_ _ _ _ _ _ _ _ _ _ _ _ _ _ _ _ _ _ _ _ _ _ _ _ _ _ _ _ _ _ _ _ _ _ _ _ _ _ _ _

self = <models.memory.memory_core.MemoryCore object at 0x000001682CE651F0>
state = tensor([[-0.1751, -0.2642,  0.6271, -1.5639, -0.6937, -0.5359,  0.4186, -1.2030,
         -0.0361, -0.1959, -0.5433,  ...  0.9076, -2.2776,  0.7135,  0.2737,
          0.5326, -0.0906, -0.7759, -0.8861,  0.1162,  0.7008,  0.1417, -0.6154]])
action = tensor([[-0.1900, -0.2042,  0.0225, -0.0003, -0.0709, -0.0825,  0.2095,  0.0640]])
emotional_embedding = tensor([2.1000])

    def _create_memory_vector(
        self,
        state: torch.Tensor,
        action: torch.Tensor,
        emotional_embedding: torch.Tensor
    ) -> torch.Tensor:
        """
        Create a combined memory vector by concatenating state, action,
        and emotional embedding.
        """
        parts = [state]
        if action is not None:
            parts.append(action)
        else:
            parts.append(torch.zeros(8))
        parts.append(emotional_embedding)
>       return torch.cat(parts, dim=0)
E       RuntimeError: Sizes of tensors must match except in dimension 0. Expected size 32 but got size 8 for tensor number 1 in the list.

models\memory\memory_core.py:284: RuntimeError
_________ TestEmotionalReinforcementSuccess.test_learning_progression _________

self = <test_emotional_reinforcement_success.TestEmotionalReinforcementSuccess testMethod=test_learning_progression>

    def test_learning_progression(self):
        """Test policy update after enough steps"""
        state = torch.randn(self.config['workspace_dim'])
        for i in range(15):
            action, _ = self.action_core.select_action(state, emotion_arousal=0.5)
            next_state = torch.randn(self.config['workspace_dim'])
>           self.action_core.step(
                workspace_broadcast=state, action=action,
                raw_reward=float(np.random.uniform(0, 1)),
                next_broadcast=next_state, done=(i == 14),
                emotion_state={
                    'valence': float(np.random.uniform(0, 1)),
                    'arousal': float(np.random.uniform(0, 1)),
                    'dominance': float(np.random.uniform(0, 1)),
                },
                attention_level=0.7,
                narrative="Test loop"
            )

tests\test_emotional_reinforcement_success.py:94: 
_ _ _ _ _ _ _ _ _ _ _ _ _ _ _ _ _ _ _ _ _ _ _ _ _ _ _ _ _ _ _ _ _ _ _ _ _ _ _ _
models\self_model\action_selection_core.py:229: in step
    self.memory.store_experience(
models\memory\memory_core.py:188: in store_experience
    memory_vector = self._create_memory_vector(state, action, emotional_embedding)
_ _ _ _ _ _ _ _ _ _ _ _ _ _ _ _ _ _ _ _ _ _ _ _ _ _ _ _ _ _ _ _ _ _ _ _ _ _ _ _

self = <models.memory.memory_core.MemoryCore object at 0x000001682CDEB040>
state = tensor([[-0.2599, -0.6702,  1.0325,  0.5134,  0.2686,  0.6054,  1.0567,  1.2502,
         -0.9334, -0.4510,  0.3963,  ...  2.9630,  0.5015, -0.5947, -1.0853,
          1.0924,  0.0702,  1.0432, -0.2266,  0.6188,  0.6049,  2.1236,  0.5757]])
action = tensor([[-0.4877, -0.2472,  0.0291,  0.3990, -0.0497, -0.0152, -0.1113,  0.2340]])
emotional_embedding = tensor([1.0091])

    def _create_memory_vector(
        self,
        state: torch.Tensor,
        action: torch.Tensor,
        emotional_embedding: torch.Tensor
    ) -> torch.Tensor:
        """
        Create a combined memory vector by concatenating state, action,
        and emotional embedding.
        """
        parts = [state]
        if action is not None:
            parts.append(action)
        else:
            parts.append(torch.zeros(8))
        parts.append(emotional_embedding)
>       return torch.cat(parts, dim=0)
E       RuntimeError: Sizes of tensors must match except in dimension 0. Expected size 32 but got size 8 for tensor number 1 in the list.

models\memory\memory_core.py:284: RuntimeError
___________ TestEmotionalReinforcementSuccess.test_meta_adaptation ____________

self = <test_emotional_reinforcement_success.TestEmotionalReinforcementSuccess testMethod=test_meta_adaptation>

    def test_meta_adaptation(self):
        """Test that select_action returns valid actions"""
        state = torch.randn(self.config['workspace_dim'])
        action, value = self.action_core.select_action(state, emotion_arousal=0.5)
>       self.assertEqual(len(action), self.config['action_dim'])
E       AssertionError: 1 != 8

tests\test_emotional_reinforcement_success.py:115: AssertionError
=========================== short test summary info ===========================
FAILED tests/test_Emotional_reinforcement_integration.py::TestEmotionalReinforcementIntegration::test_emotional_memory_integration
FAILED tests/test_Emotional_reinforcement_integration.py::TestEmotionalReinforcementIntegration::test_end_to_end_learning
FAILED tests/test_emotional_reinforcement_success.py::TestEmotionalReinforcementSuccess::test_emotional_memory_formation
FAILED tests/test_emotional_reinforcement_success.py::TestEmotionalReinforcementSuccess::test_learning_progression
FAILED tests/test_emotional_reinforcement_success.py::TestEmotionalReinforcementSuccess::test_meta_adaptation
========================= 5 failed, 3 passed in 3.37s =========================
