============================= test session starts =============================
platform win32 -- Python 3.8.3, pytest-8.3.5, pluggy-1.5.0
rootdir: C:\Users\zaesa\OneDrive\Escritorio\Side projects\Artificial_counsciousness\the_consciousness_ai
plugins: anyio-4.5.2, colcon-core-0.19.0, nengo-4.1.0, cov-5.0.0, repeat-0.9.3, rerunfailures-14.0
collected 80 items / 1 error

=================================== ERRORS ====================================
____________ ERROR collecting tests/test_simulation_integration.py ____________
ImportError while importing test module 'C:\Users\zaesa\OneDrive\Escritorio\Side projects\Artificial_counsciousness\the_consciousness_ai\tests\test_simulation_integration.py'.
Hint: make sure your test modules/packages have valid Python names.
Traceback:
c:\python38\lib\importlib\__init__.py:127: in import_module
    return _bootstrap._gcd_import(name[level:], package, level)
tests\test_simulation_integration.py:5: in <module>
    from simulations.api.simulation_manager import SimulationManager
simulations\api\simulation_manager.py:11: in <module>
    from models.self_model.reinforcement_core import ReinforcementCore
E   ModuleNotFoundError: No module named 'models.self_model.reinforcement_core'
============================== warnings summary ===============================
..\..\..\..\..\..\..\python38\lib\site-packages\pygame\pkgdata.py:25
  c:\python38\lib\site-packages\pygame\pkgdata.py:25: DeprecationWarning: pkg_resources is deprecated as an API. See https://setuptools.pypa.io/en/latest/pkg_resources.html
    from pkg_resources import resource_stream, resource_exists

..\..\..\..\..\..\..\python38\lib\site-packages\pkg_resources\__init__.py:3154
  c:\python38\lib\site-packages\pkg_resources\__init__.py:3154: DeprecationWarning: Deprecated call to `pkg_resources.declare_namespace('mpl_toolkits')`.
  Implementing implicit namespace packages (as specified in PEP 420) is preferred to `pkg_resources.declare_namespace`. See https://setuptools.pypa.io/en/latest/references/keywords.html#keyword-namespace-packages
    declare_namespace(pkg)

tests\test_consciousness_pipeline.py:31
  C:\Users\zaesa\OneDrive\Escritorio\Side projects\Artificial_counsciousness\the_consciousness_ai\tests\test_consciousness_pipeline.py:31: PytestCollectionWarning: cannot collect test class 'TestConfig' because it has a __init__ constructor (from: tests/test_consciousness_pipeline.py)
    class TestConfig:

tests\test_predictive_processing.py:5
  C:\Users\zaesa\OneDrive\Escritorio\Side projects\Artificial_counsciousness\the_consciousness_ai\tests\test_predictive_processing.py:5: PytestUnknownMarkWarning: Unknown pytest.mark.asyncio - is this a typo?  You can register custom marks to avoid this warning - for details, see https://docs.pytest.org/en/stable/how-to/mark.html
    @pytest.mark.asyncio

..\..\..\..\..\..\..\Python38\lib\site-packages\pytest_nengo.py:145
  C:\Python38\lib\site-packages\pytest_nengo.py:145: PytestUnknownMarkWarning: Unknown pytest.mark.asyncio - is this a typo?  You can register custom marks to avoid this warning - for details, see https://docs.pytest.org/en/stable/how-to/mark.html
    getattr(pytest.mark, m.name)(*m.args, **m.kwargs)

-- Docs: https://docs.pytest.org/en/stable/how-to/capture-warnings.html
=========================== short test summary info ===========================
ERROR tests/test_simulation_integration.py
!!!!!!!!!!!!!!!!!!! Interrupted: 1 error during collection !!!!!!!!!!!!!!!!!!!!
======================== 5 warnings, 1 error in 10.89s ========================
